<?xml version="1.0" encoding="UTF-8"?>
<!-- Generated by org.testng.reporters.JUnitXMLReporter -->
<testsuite ignored="3" hostname="DESKTOP-HJUS9FO" failures="0" tests="1" name="chrome Test" time="47.173" errors="0" timestamp="2024-12-09T12:27:11 IST">
  <testcase classname="testScripts.LoginTest" name="verifyTheUserIsAbleToLoginUsingValidCredentials" time="14.751"/>
  <testcase classname="testScripts.LoginTest" name="loginIncorrectpswd" time="0.0">
    <ignored/>
  </testcase> <!-- loginIncorrectpswd -->
  <testcase classname="testScripts.LoginTest" name="loginBothIncorrect" time="0.0">
    <ignored/>
  </testcase> <!-- loginBothIncorrect -->
  <testcase classname="testScripts.LoginTest" name="loginIncorrectusername" time="0.0">
    <ignored/>
  </testcase> <!-- loginIncorrectusername -->
</testsuite> <!-- chrome Test -->
