<?xml version="1.0" encoding="UTF-8"?>
<!-- Generated by org.testng.reporters.JUnitXMLReporter -->
<testsuite ignored="2" hostname="DESKTOP-HJUS9FO" failures="0" tests="2" name="Test" time="19.909" errors="0" timestamp="2024-12-09T12:32:47 IST">
  <testcase classname="testScripts.LoginTest" name="verifyTheUserIsAbleToLoginUsingValidCredentials" time="2.921"/>
  <testcase classname="testScripts.LoginTest" name="loginIncorrectpswd" time="1.443"/>
  <testcase classname="testScripts.LoginTest" name="loginBothIncorrect" time="0.0">
    <ignored/>
  </testcase> <!-- loginBothIncorrect -->
  <testcase classname="testScripts.LoginTest" name="loginIncorrectusername" time="0.0">
    <ignored/>
  </testcase> <!-- loginIncorrectusername -->
</testsuite> <!-- Test -->
